{"/Users/jessicapreuss/Desktop/TDDJest/script.js": {"path":"/Users/jessicapreuss/Desktop/TDDJest/script.js","statementMap":{"0":{"start":{"line":10,"column":24},"end":{"line":26,"column":1}},"1":{"start":{"line":11,"column":17},"end":{"line":11,"column":42}},"2":{"start":{"line":12,"column":17},"end":{"line":12,"column":19}},"3":{"start":{"line":13,"column":18},"end":{"line":13,"column":46}},"4":{"start":{"line":15,"column":4},"end":{"line":25,"column":5}},"5":{"start":{"line":16,"column":8},"end":{"line":16,"column":29}},"6":{"start":{"line":17,"column":8},"end":{"line":17,"column":22}},"7":{"start":{"line":19,"column":25},"end":{"line":19,"column":55}},"8":{"start":{"line":20,"column":20},"end":{"line":20,"column":50}},"9":{"start":{"line":21,"column":8},"end":{"line":21,"column":27}},"10":{"start":{"line":22,"column":8},"end":{"line":22,"column":79}},"11":{"start":{"line":23,"column":8},"end":{"line":23,"column":46}},"12":{"start":{"line":24,"column":8},"end":{"line":24,"column":22}},"13":{"start":{"line":28,"column":0},"end":{"line":28,"column":35}}},"fnMap":{"0":{"name":"(anonymous_0)","decl":{"start":{"line":10,"column":24},"end":{"line":10,"column":25}},"loc":{"start":{"line":10,"column":33},"end":{"line":26,"column":1}},"line":10}},"branchMap":{"0":{"loc":{"start":{"line":15,"column":4},"end":{"line":25,"column":5}},"type":"if","locations":[{"start":{"line":15,"column":4},"end":{"line":25,"column":5}},{"start":{"line":15,"column":4},"end":{"line":25,"column":5}}],"line":15},"1":{"loc":{"start":{"line":19,"column":25},"end":{"line":19,"column":55}},"type":"binary-expr","locations":[{"start":{"line":19,"column":25},"end":{"line":19,"column":50}},{"start":{"line":19,"column":54},"end":{"line":19,"column":55}}],"line":19}},"s":{"0":1,"1":10,"2":10,"3":10,"4":10,"5":5,"6":5,"7":5,"8":5,"9":5,"10":5,"11":5,"12":5,"13":1},"f":{"0":10},"b":{"0":[5,5],"1":[5,0]},"_coverageSchema":"1a1c01bbd47fc00a2c39e90264f33305004495a9","hash":"a22db770bc6ca783cdf82702d6c92d03fb92aadd"}
}
